SEND 7706 0 SYN
RECV 4812 7707 SYN ACK
SEND 7707 4813 ACK
SEND 8219 0
SEND 8731 0
SEND 9243 0
SEND 9755 0
SEND 10267 0
SEND 10779 0
SEND 11291 0
SEND 11803 0
SEND 12315 0
RECV 4813 8219 ACK
SEND 12827 0
RECV 4813 8731 ACK
SEND 13339 0
RECV 4813 9243 ACK
SEND 13851 0
RECV 4813 9755 ACK
SEND 14363 0
RECV 4813 10267 ACK
SEND 14875 0
RECV 4813 10779 ACK
SEND 15387 0
RECV 4813 11291 ACK
SEND 15899 0
RECV 4813 11803 ACK
SEND 16411 0
RECV 4813 12315 ACK
SEND 16923 0
RECV 4813 12827 ACK
SEND 17435 0
RECV 4813 13339 ACK
SEND 17947 0
RECV 4813 13851 ACK
SEND 18459 0
RECV 4813 14363 ACK
SEND 18971 0
RECV 4813 14875 ACK
SEND 19483 0
RECV 4813 15387 ACK
SEND 19995 0
RECV 4813 15899 ACK
SEND 20507 0
RECV 4813 16411 ACK
SEND 21019 0
RECV 4813 16923 ACK
SEND 21531 0
RECV 4813 17435 ACK
SEND 22043 0
RECV 4813 17947 ACK
SEND 22555 0
RECV 4813 18459 ACK
SEND 23067 0
RECV 4813 18971 ACK
SEND 23579 0
RECV 4813 19483 ACK
SEND 24091 0
RECV 4813 19995 ACK
SEND 24603 0
RECV 4813 20507 ACK
SEND 25115 0
RECV 4813 21019 ACK
SEND 26 0
RECV 4813 21531 ACK
SEND 538 0
RECV 4813 22043 ACK
SEND 1050 0
RECV 4813 22555 ACK
SEND 1562 0
RECV 4813 23067 ACK
SEND 2074 0
RECV 4813 23579 ACK
SEND 2586 0
RECV 4813 24091 ACK
SEND 3098 0
RECV 4813 24603 ACK
SEND 3610 0
RECV 4813 25115 ACK
SEND 4122 0
RECV 4813 26 ACK
SEND 4634 0
RECV 4813 538 ACK
SEND 5146 0
RECV 4813 1050 ACK
SEND 5658 0
RECV 4813 1562 ACK
SEND 6170 0
RECV 4813 2074 ACK
SEND 6682 0
RECV 4813 2586 ACK
SEND 7194 0
RECV 4813 3098 ACK
SEND 7706 0
RECV 4813 3610 ACK
SEND 8218 0
RECV 4813 4122 ACK
SEND 8730 0
RECV 4813 4634 ACK
SEND 9242 0
RECV 4813 5146 ACK
SEND 9754 0
RECV 4813 5658 ACK
SEND 10266 0
RECV 4813 6170 ACK
SEND 10778 0
RECV 4813 6682 ACK
SEND 11290 0
RECV 4813 7194 ACK
SEND 11802 0
RECV 4813 7706 ACK
SEND 12314 0
RECV 4813 8218 ACK
SEND 12826 0
RECV 4813 8730 ACK
SEND 13338 0
RECV 4813 9242 ACK
SEND 13850 0
RECV 4813 9754 ACK
SEND 14362 0
RECV 4813 10266 ACK
SEND 14874 0
RECV 4813 10778 ACK
SEND 15386 0
RECV 4813 11290 ACK
SEND 15898 0
RECV 4813 11802 ACK
SEND 16410 0
RECV 4813 12314 ACK
SEND 16922 0
RECV 4813 12826 ACK
SEND 17434 0
RECV 4813 13338 ACK
SEND 17946 0
RECV 4813 13850 ACK
SEND 18458 0
RECV 4813 14362 ACK
SEND 18970 0
RECV 4813 14874 ACK
SEND 19482 0
RECV 4813 15386 ACK
SEND 19994 0
RECV 4813 15898 ACK
SEND 20506 0
RECV 4813 16410 ACK
SEND 21018 0
RECV 4813 16922 ACK
SEND 21530 0
RECV 4813 17434 ACK
SEND 22042 0
RECV 4813 17946 ACK
SEND 22554 0
RECV 4813 18458 ACK
SEND 23066 0
RECV 4813 18970 ACK
SEND 23578 0
RECV 4813 19482 ACK
SEND 24090 0
RECV 4813 19994 ACK
SEND 24602 0
RECV 4813 20506 ACK
SEND 25114 0
RECV 4813 21018 ACK
SEND 25 0
RECV 4813 21530 ACK
SEND 537 0
RECV 4813 22042 ACK
SEND 1049 0
RECV 4813 22554 ACK
SEND 1561 0
RECV 4813 23066 ACK
SEND 2073 0
RECV 4813 23578 ACK
SEND 2585 0
RECV 4813 24090 ACK
SEND 3097 0
RECV 4813 24602 ACK
SEND 3609 0
RECV 4813 25114 ACK
SEND 4121 0
RECV 4813 25 ACK
SEND 4633 0
RECV 4813 537 ACK
SEND 5145 0
RECV 4813 1049 ACK
SEND 5657 0
RECV 4813 1561 ACK
SEND 6169 0
RECV 4813 2073 ACK
SEND 6681 0
RECV 4813 2585 ACK
SEND 7193 0
RECV 4813 3097 ACK
SEND 7705 0
RECV 4813 3609 ACK
SEND 8217 0
RECV 4813 4121 ACK
SEND 8729 0
RECV 4813 4633 ACK
SEND 9241 0
RECV 4813 5145 ACK
SEND 9753 0
RECV 4813 5657 ACK
SEND 10265 0
RECV 4813 6169 ACK
SEND 10777 0
RECV 4813 6681 ACK
SEND 11289 0
RECV 4813 7193 ACK
SEND 11801 0
RECV 4813 7705 ACK
SEND 12313 0
RECV 4813 8217 ACK
SEND 12825 0
RECV 4813 8729 ACK
SEND 13337 0
RECV 4813 9241 ACK
SEND 13849 0
RECV 4813 9753 ACK
SEND 14361 0
RECV 4813 10265 ACK
SEND 14873 0
RECV 4813 10777 ACK
SEND 15385 0
RECV 4813 11289 ACK
SEND 15897 0
RECV 4813 11801 ACK
SEND 16409 0
RECV 4813 12313 ACK
SEND 16921 0
RECV 4813 12825 ACK
SEND 17433 0
RECV 4813 13337 ACK
SEND 17945 0
RECV 4813 13849 ACK
SEND 18457 0
RECV 4813 14361 ACK
SEND 18969 0
RECV 4813 14873 ACK
SEND 19481 0
RECV 4813 15385 ACK
SEND 19993 0
RECV 4813 15897 ACK
SEND 20505 0
RECV 4813 16409 ACK
SEND 21017 0
RECV 4813 16921 ACK
SEND 21529 0
RECV 4813 17433 ACK
SEND 22041 0
RECV 4813 17945 ACK
SEND 22553 0
RECV 4813 18457 ACK
SEND 23065 0
RECV 4813 18969 ACK
SEND 23577 0
RECV 4813 19481 ACK
SEND 24089 0
RECV 4813 19993 ACK
SEND 24601 0
RECV 4813 20505 ACK
SEND 25113 0
RECV 4813 21017 ACK
SEND 24 0
RECV 4813 21529 ACK
SEND 536 0
RECV 4813 22041 ACK
SEND 1048 0
RECV 4813 22553 ACK
SEND 1560 0
RECV 4813 23065 ACK
SEND 2072 0
RECV 4813 23577 ACK
SEND 2584 0
RECV 4813 24089 ACK
SEND 3096 0
RECV 4813 24601 ACK
SEND 3608 0
RECV 4813 25113 ACK
SEND 4120 0
RECV 4813 24 ACK
SEND 4632 0
RECV 4813 536 ACK
SEND 5144 0
RECV 4813 1048 ACK
SEND 5656 0
RECV 4813 1560 ACK
SEND 6168 0
RECV 4813 2072 ACK
SEND 6680 0
RECV 4813 2584 ACK
SEND 7192 0
RECV 4813 3096 ACK
SEND 7704 0
RECV 4813 3608 ACK
SEND 8216 0
RECV 4813 4120 ACK
SEND 8728 0
RECV 4813 4632 ACK
SEND 9240 0
RECV 4813 5144 ACK
SEND 9752 0
RECV 4813 5656 ACK
SEND 10264 0
RECV 4813 6168 ACK
SEND 10776 0
RECV 4813 6680 ACK
SEND 11288 0
RECV 4813 7192 ACK
SEND 11800 0
RECV 4813 7704 ACK
SEND 12312 0
RECV 4813 8216 ACK
SEND 12824 0
RECV 4813 8728 ACK
SEND 13336 0
RECV 4813 9240 ACK
SEND 13848 0
RECV 4813 9752 ACK
SEND 14360 0
RECV 4813 10264 ACK
SEND 14872 0
RECV 4813 10776 ACK
SEND 15384 0
RECV 4813 11288 ACK
SEND 15896 0
RECV 4813 11800 ACK
SEND 16408 0
RECV 4813 12312 ACK
SEND 16920 0
RECV 4813 12824 ACK
SEND 17432 0
RECV 4813 13336 ACK
SEND 17944 0
RECV 4813 13848 ACK
SEND 18456 0
RECV 4813 14360 ACK
SEND 18968 0
RECV 4813 14872 ACK
SEND 19480 0
RECV 4813 15384 ACK
SEND 19992 0
RECV 4813 15896 ACK
SEND 20504 0
RECV 4813 16408 ACK
SEND 21016 0
RECV 4813 16920 ACK
SEND 21528 0
RECV 4813 17432 ACK
SEND 22040 0
RECV 4813 17944 ACK
SEND 22552 0
RECV 4813 18456 ACK
SEND 23064 0
RECV 4813 18968 ACK
SEND 23576 0
RECV 4813 19480 ACK
SEND 24088 0
RECV 4813 19992 ACK
SEND 24600 0
RECV 4813 20504 ACK
SEND 25112 0
RECV 4813 21016 ACK
SEND 23 0
RECV 4813 21528 ACK
SEND 535 0
RECV 4813 22040 ACK
SEND 1047 0
RECV 4813 22552 ACK
SEND 1559 0
RECV 4813 23064 ACK
SEND 2071 0
RECV 4813 23576 ACK
SEND 2583 0
RECV 4813 24088 ACK
SEND 3095 0
RECV 4813 24600 ACK
SEND 3607 0
RECV 4813 25112 ACK
SEND 4119 0
RECV 4813 23 ACK
SEND 4631 0
RECV 4813 535 ACK
SEND 5143 0
RECV 4813 1047 ACK
RECV 4813 1559 ACK
RECV 4813 2071 ACK
RECV 4813 2583 ACK
RECV 4813 3095 ACK
RECV 4813 3607 ACK
RECV 4813 4119 ACK
RECV 4813 4631 ACK
RECV 4813 5143 ACK
RECV 4813 5303 ACK
SEND 5303 0 FIN
RECV 4813 5304 ACK
RECV 4813 0 FIN
SEND 5304 4814 ACK
