RECV 4811 153 ACK
RECV 4811 153 ACK
RECV 4811 153 ACK
RECV 4811 153 ACK
RECV 4811 153 ACK
RECV 4811 153 ACK
TIMEOUT 25242
RESEND 25242 0
RESEND 153 0
RESEND 665 0
RESEND 1177 0
RESEND 1689 0
RESEND 2201 0
RESEND 2713 0
RESEND 3225 0
RESEND 3737 0
RESEND 4249 0
RECV 4811 153 ACK
RECV 4811 665 ACK
SEND 4761 0
SEND 5273 0
RECV 4811 1177 ACK
SEND 5785 0
RECV 4811 1689 ACK
SEND 6297 0
RECV 4811 2713 ACK
SEND 6809 0
SEND 7321 0
RECV 4811 3225 ACK
SEND 7833 0
RECV 4811 3737 ACK
SEND 8345 0
RECV 4811 4249 ACK
SEND 8857 0
RECV 4811 4761 ACK
SEND 9369 0
RECV 4811 5785 ACK
SEND 9881 0
SEND 10393 0
RECV 4811 6297 ACK
SEND 10905 0
RECV 4811 6809 ACK
SEND 11417 0
RECV 4811 7321 ACK
SEND 11929 0
RECV 4811 7833 ACK
SEND 12441 0
RECV 4811 8345 ACK
SEND 12953 0
RECV 4811 8857 ACK
SEND 13465 0
RECV 4811 8857 ACK
RECV 4811 8857 ACK
RECV 4811 8857 ACK
RECV 4811 8857 ACK
RECV 4811 8857 ACK
RECV 4811 8857 ACK
RECV 4811 8857 ACK
TIMEOUT 8857
RESEND 8857 0
RESEND 9369 0
RESEND 9881 0
RESEND 10393 0
RESEND 10905 0
RESEND 11417 0
RESEND 11929 0
RESEND 12441 0
RESEND 12953 0
RESEND 13465 0
RECV 4811 9369 ACK
SEND 13977 0
RECV 4811 9881 ACK
SEND 14489 0
RECV 4811 10393 ACK
SEND 15001 0
RECV 4811 10905 ACK
SEND 15513 0
RECV 4811 11417 ACK
SEND 16025 0
RECV 4811 11417 ACK
RECV 4811 11417 ACK
RECV 4811 11417 ACK
RECV 4811 11417 ACK
RECV 4811 11417 ACK
RECV 4811 11417 ACK
RECV 4811 11417 ACK
TIMEOUT 11417
RESEND 11417 0
RESEND 11929 0
RESEND 12441 0
RESEND 12953 0
RESEND 13465 0
RESEND 13977 0
RESEND 14489 0
RESEND 15001 0
RESEND 15513 0
RESEND 16025 0
RECV 4811 11929 ACK
SEND 16537 0
RECV 4811 12441 ACK
SEND 17049 0
RECV 4811 12953 ACK
SEND 17561 0
RECV 4811 13465 ACK
SEND 18073 0
RECV 4811 13977 ACK
SEND 18585 0
RECV 4811 14489 ACK
SEND 19097 0
RECV 4811 15001 ACK
SEND 19609 0
RECV 4811 16025 ACK
SEND 20121 0
SEND 20633 0
RECV 4811 16537 ACK
SEND 21145 0
RECV 4811 17049 ACK
SEND 21657 0
RECV 4811 17561 ACK
SEND 22169 0
RECV 4811 18073 ACK
SEND 22681 0
RECV 4811 18585 ACK
SEND 23193 0
RECV 4811 19097 ACK
SEND 23705 0
RECV 4811 19609 ACK
SEND 24217 0
RECV 4811 20121 ACK
SEND 24729 0
RECV 4811 20633 ACK
SEND 25241 0
RECV 4811 21145 ACK
SEND 152 0
RECV 4811 22169 ACK
SEND 664 0
SEND 1176 0
RECV 4811 22681 ACK
SEND 1688 0
RECV 4811 23193 ACK
SEND 2200 0
RECV 4811 23705 ACK
SEND 2712 0
RECV 4811 24217 ACK
SEND 3224 0
RECV 4811 24729 ACK
SEND 3736 0
RECV 4811 25241 ACK
SEND 4248 0
RECV 4811 152 ACK
SEND 4760 0
RECV 4811 1176 ACK
SEND 5272 0
SEND 5784 0
RECV 4811 1176 ACK
RECV 4811 1176 ACK
RECV 4811 1176 ACK
RECV 4811 1176 ACK
RECV 4811 1176 ACK
RECV 4811 1176 ACK
TIMEOUT 1176
RESEND 1176 0
RESEND 1688 0
RESEND 2200 0
RESEND 2712 0
RESEND 3224 0
RESEND 3736 0
RESEND 4248 0
RESEND 4760 0
RESEND 5272 0
RESEND 5784 0
RECV 4811 1176 ACK
RECV 4811 1176 ACK
RECV 4811 1176 ACK
RECV 4811 1176 ACK
RECV 4811 1176 ACK
RECV 4811 1176 ACK
RECV 4811 1176 ACK
TIMEOUT 1176
RESEND 1176 0
RESEND 1688 0
RESEND 2200 0
RESEND 2712 0
RESEND 3224 0
RESEND 3736 0
RESEND 4248 0
RESEND 4760 0
RESEND 5272 0
RESEND 5784 0
RECV 4811 1688 ACK
SEND 6296 0
RECV 4811 2712 ACK
SEND 6808 0
SEND 7320 0
RECV 4811 3224 ACK
SEND 7832 0
RECV 4811 3736 ACK
SEND 8344 0
RECV 4811 4248 ACK
SEND 8856 0
RECV 4811 4760 ACK
SEND 9368 0
RECV 4811 5272 ACK
SEND 9880 0
RECV 4811 5784 ACK
SEND 10392 0
RECV 4811 6296 ACK
SEND 10904 0
RECV 4811 6808 ACK
SEND 11416 0
RECV 4811 6808 ACK
RECV 4811 6808 ACK
RECV 4811 6808 ACK
RECV 4811 6808 ACK
RECV 4811 6808 ACK
RECV 4811 6808 ACK
TIMEOUT 6808
RESEND 6808 0
RESEND 7320 0
RESEND 7832 0
RESEND 8344 0
RESEND 8856 0
RESEND 9368 0
RESEND 9880 0
RESEND 10392 0
RESEND 10904 0
RESEND 11416 0
RECV 4811 7320 ACK
SEND 11928 0
RECV 4811 7832 ACK
SEND 12440 0
RECV 4811 8344 ACK
SEND 12952 0
RECV 4811 8344 ACK
RECV 4811 8344 ACK
RECV 4811 8344 ACK
RECV 4811 8344 ACK
RECV 4811 8344 ACK
RECV 4811 8344 ACK
RECV 4811 8344 ACK
TIMEOUT 8344
RESEND 8344 0
RESEND 8856 0
RESEND 9368 0
RESEND 9880 0
RESEND 10392 0
RESEND 10904 0
RESEND 11416 0
RESEND 11928 0
RESEND 12440 0
RESEND 12952 0
RECV 4811 8856 ACK
SEND 13464 0
RECV 4811 9880 ACK
SEND 13976 0
SEND 14488 0
RECV 4811 10392 ACK
SEND 15000 0
RECV 4811 10904 ACK
SEND 15512 0
RECV 4811 11416 ACK
SEND 16024 0
RECV 4811 11928 ACK
SEND 16536 0
RECV 4811 12440 ACK
SEND 17048 0
RECV 4811 12952 ACK
SEND 17560 0
RECV 4811 13464 ACK
SEND 18072 0
RECV 4811 13976 ACK
SEND 18584 0
RECV 4811 14488 ACK
SEND 19096 0
RECV 4811 15000 ACK
SEND 19608 0
RECV 4811 15512 ACK
SEND 20120 0
RECV 4811 16024 ACK
SEND 20632 0
RECV 4811 16536 ACK
SEND 21144 0
RECV 4811 17048 ACK
SEND 21656 0
RECV 4811 17560 ACK
SEND 22168 0
RECV 4811 18072 ACK
SEND 22680 0
RECV 4811 18584 ACK
SEND 23192 0
RECV 4811 19096 ACK
SEND 23704 0
RECV 4811 19608 ACK
SEND 24216 0
RECV 4811 19608 ACK
RECV 4811 19608 ACK
RECV 4811 19608 ACK
RECV 4811 19608 ACK
RECV 4811 19608 ACK
RECV 4811 19608 ACK
RECV 4811 19608 ACK
RECV 4811 19608 ACK
TIMEOUT 19608
RESEND 19608 0
RESEND 20120 0
RESEND 20632 0
RESEND 21144 0
RESEND 21656 0
RESEND 22168 0
RESEND 22680 0
RESEND 23192 0
RESEND 23704 0
RESEND 24216 0
RECV 4811 20120 ACK
SEND 24728 0
RECV 4811 20120 ACK
RECV 4811 20120 ACK
RECV 4811 20120 ACK
RECV 4811 20120 ACK
RECV 4811 20120 ACK
RECV 4811 20120 ACK
RECV 4811 20120 ACK
RECV 4811 20120 ACK
TIMEOUT 20120
RESEND 20120 0
RESEND 20632 0
RESEND 21144 0
RESEND 21656 0
RESEND 22168 0
RESEND 22680 0
RESEND 23192 0
RESEND 23704 0
RESEND 24216 0
RESEND 24728 0
RECV 4811 20632 ACK
SEND 25240 0
RECV 4811 21144 ACK
SEND 151 0
RECV 4811 21656 ACK
SEND 663 0
RECV 4811 21656 ACK
RECV 4811 21656 ACK
RECV 4811 21656 ACK
RECV 4811 21656 ACK
RECV 4811 21656 ACK
RECV 4811 21656 ACK
RECV 4811 21656 ACK
RECV 4811 21656 ACK
TIMEOUT 21656
RESEND 21656 0
RESEND 22168 0
RESEND 22680 0
RESEND 23192 0
RESEND 23704 0
RESEND 24216 0
RESEND 24728 0
RESEND 25240 0
RESEND 151 0
RESEND 663 0
RECV 4811 22168 ACK
SEND 1175 0
RECV 4811 22680 ACK
SEND 1687 0
RECV 4811 23192 ACK
SEND 2199 0
RECV 4811 23704 ACK
SEND 2711 0
RECV 4811 24216 ACK
SEND 3223 0
RECV 4811 24728 ACK
SEND 3735 0
RECV 4811 25240 ACK
SEND 4247 0
RECV 4811 25240 ACK
RECV 4811 25240 ACK
RECV 4811 25240 ACK
RECV 4811 25240 ACK
RECV 4811 25240 ACK
RECV 4811 25240 ACK
RECV 4811 25240 ACK
TIMEOUT 25240
RESEND 25240 0
RESEND 151 0
RESEND 663 0
RESEND 1175 0
RESEND 1687 0
RESEND 2199 0
RESEND 2711 0
RESEND 3223 0
RESEND 3735 0
RESEND 4247 0
RECV 4811 151 ACK
SEND 4759 0
RECV 4811 663 ACK
SEND 5271 0
RECV 4811 1175 ACK
SEND 5783 0
RECV 4811 1687 ACK
SEND 6295 0
RECV 4811 1687 ACK
RECV 4811 1687 ACK
RECV 4811 1687 ACK
RECV 4811 1687 ACK
TIMEOUT 1687
RESEND 1687 0
RESEND 2199 0
RESEND 2711 0
RESEND 3223 0
RESEND 3735 0
RESEND 4247 0
RESEND 4759 0
RESEND 5271 0
RESEND 5783 0
RESEND 6295 0
RECV 4811 2199 ACK
SEND 6807 0
RECV 4811 2711 ACK
SEND 7319 0
RECV 4811 3223 ACK
SEND 7831 0
RECV 4811 3735 ACK
SEND 8343 0
RECV 4811 5271 ACK
SEND 8855 0
SEND 9367 0
SEND 9879 0
RECV 4811 6295 ACK
SEND 10391 0
SEND 10903 0
RECV 4811 6807 ACK
SEND 11415 0
RECV 4811 7831 ACK
SEND 11927 0
SEND 12439 0
RECV 4811 8343 ACK
SEND 12951 0
RECV 4811 8855 ACK
SEND 13463 0
RECV 4811 9367 ACK
SEND 13975 0
RECV 4811 9879 ACK
SEND 14487 0
RECV 4811 10391 ACK
SEND 14999 0
RECV 4811 10903 ACK
SEND 15511 0
RECV 4811 11415 ACK
SEND 16023 0
RECV 4811 11927 ACK
SEND 16535 0
RECV 4811 12439 ACK
SEND 17047 0
RECV 4811 12951 ACK
SEND 17559 0
RECV 4811 13463 ACK
SEND 18071 0
RECV 4811 13975 ACK
SEND 18583 0
RECV 4811 14487 ACK
SEND 19095 0
RECV 4811 14487 ACK
RECV 4811 14487 ACK
RECV 4811 14487 ACK
RECV 4811 14487 ACK
RECV 4811 14487 ACK
RECV 4811 14487 ACK
TIMEOUT 14487
RESEND 14487 0
RESEND 14999 0
RESEND 15511 0
RESEND 16023 0
RESEND 16535 0
RESEND 17047 0
RESEND 17559 0
RESEND 18071 0
RESEND 18583 0
RESEND 19095 0
RECV 4811 14999 ACK
SEND 19607 0
RECV 4811 15511 ACK
SEND 20119 0
RECV 4811 16023 ACK
SEND 20631 0
RECV 4811 16535 ACK
SEND 21143 0
RECV 4811 17047 ACK
SEND 21655 0
RECV 4811 17559 ACK
SEND 22167 0
RECV 4811 18071 ACK
SEND 22679 0
RECV 4811 18583 ACK
SEND 23191 0
RECV 4811 19095 ACK
SEND 23703 0
RECV 4811 19607 ACK
SEND 24215 0
RECV 4811 20119 ACK
SEND 24727 0
RECV 4811 20631 ACK
SEND 25239 0
RECV 4811 21143 ACK
SEND 150 0
RECV 4811 21655 ACK
SEND 662 0
RECV 4811 22167 ACK
SEND 1174 0
RECV 4811 22679 ACK
SEND 1686 0
RECV 4811 23191 ACK
SEND 2198 0
RECV 4811 23703 ACK
SEND 2710 0
RECV 4811 23703 ACK
RECV 4811 23703 ACK
RECV 4811 23703 ACK
RECV 4811 23703 ACK
RECV 4811 23703 ACK
RECV 4811 23703 ACK
RECV 4811 23703 ACK
TIMEOUT 23703
RESEND 23703 0
RESEND 24215 0
RESEND 24727 0
RESEND 25239 0
RESEND 150 0
RESEND 662 0
RESEND 1174 0
RESEND 1686 0
RESEND 2198 0
RESEND 2710 0
RECV 4811 24215 ACK
SEND 3222 0
RECV 4811 24727 ACK
SEND 3734 0
RECV 4811 25239 ACK
SEND 4246 0
RECV 4811 150 ACK
SEND 4758 0
RECV 4811 662 ACK
SEND 5270 0
RECV 4811 1174 ACK
SEND 5782 0
RECV 4811 1686 ACK
SEND 6294 0
RECV 4811 1686 ACK
RECV 4811 1686 ACK
RECV 4811 1686 ACK
RECV 4811 1686 ACK
RECV 4811 1686 ACK
RECV 4811 1686 ACK
RECV 4811 1686 ACK
TIMEOUT 1686
RESEND 1686 0
RESEND 2198 0
RESEND 2710 0
RESEND 3222 0
RESEND 3734 0
RESEND 4246 0
RESEND 4758 0
RESEND 5270 0
RESEND 5782 0
RESEND 6294 0
RECV 4811 1686 ACK
RECV 4811 1686 ACK
RECV 4811 1686 ACK
RECV 4811 1686 ACK
RECV 4811 1686 ACK
RECV 4811 1686 ACK
RECV 4811 1686 ACK
RECV 4811 1686 ACK
TIMEOUT 1686
RESEND 1686 0
RESEND 2198 0
RESEND 2710 0
RESEND 3222 0
RESEND 3734 0
RESEND 4246 0
RESEND 4758 0
RESEND 5270 0
RESEND 5782 0
RESEND 6294 0
RECV 4811 2198 ACK
SEND 6806 0
RECV 4811 2198 ACK
RECV 4811 2198 ACK
RECV 4811 2198 ACK
RECV 4811 2198 ACK
RECV 4811 2198 ACK
RECV 4811 2198 ACK
RECV 4811 2198 ACK
RECV 4811 2198 ACK
TIMEOUT 2198
RESEND 2198 0
RESEND 2710 0
RESEND 3222 0
RESEND 3734 0
RESEND 4246 0
RESEND 4758 0
RESEND 5270 0
RESEND 5782 0
RESEND 6294 0
RESEND 6806 0
RECV 4811 2710 ACK
SEND 7318 0
RECV 4811 3222 ACK
SEND 7830 0
RECV 4811 3734 ACK
SEND 8342 0
RECV 4811 3734 ACK
RECV 4811 3734 ACK
RECV 4811 3734 ACK
RECV 4811 3734 ACK
RECV 4811 3734 ACK
RECV 4811 3734 ACK
RECV 4811 3734 ACK
RECV 4811 3734 ACK
TIMEOUT 3734
RESEND 3734 0
RESEND 4246 0
RESEND 4758 0
RESEND 5270 0
RESEND 5782 0
RESEND 6294 0
RESEND 6806 0
RESEND 7318 0
RESEND 7830 0
RESEND 8342 0
RECV 4811 4246 ACK
SEND 8854 0
RECV 4811 4758 ACK
SEND 9366 0
RECV 4811 5270 ACK
SEND 9878 0
RECV 4811 5782 ACK
SEND 10390 0
RECV 4811 6294 ACK
SEND 10902 0
RECV 4811 7318 ACK
RECV 4811 7318 ACK
RECV 4811 7318 ACK
RECV 4811 7318 ACK
RECV 4811 7318 ACK
RECV 4811 7318 ACK
TIMEOUT 6294
RESEND 6294 0
RESEND 6806 0
RESEND 7318 0
RESEND 7830 0
RESEND 8342 0
RESEND 8854 0
RESEND 9366 0
RESEND 9878 0
RESEND 10390 0
RESEND 10902 0
RECV 4811 7318 ACK
RECV 4811 7318 ACK
RECV 4811 7830 ACK
SEND 11414 0
SEND 11926 0
SEND 12438 0
RECV 4811 8342 ACK
SEND 12950 0
RECV 4811 8854 ACK
SEND 13462 0
RECV 4811 9366 ACK
SEND 13974 0
RECV 4811 9878 ACK
SEND 14486 0
RECV 4811 10390 ACK
SEND 14998 0
RECV 4811 10902 ACK
SEND 15510 0
RECV 4811 11414 ACK
SEND 16022 0
RECV 4811 11926 ACK
SEND 16534 0
RECV 4811 12438 ACK
SEND 17046 0
RECV 4811 12950 ACK
SEND 17558 0
RECV 4811 13462 ACK
SEND 18070 0
RECV 4811 13974 ACK
SEND 18582 0
RECV 4811 14486 ACK
SEND 19094 0
RECV 4811 14998 ACK
SEND 19606 0
RECV 4811 15510 ACK
SEND 20118 0
RECV 4811 16022 ACK
SEND 20630 0
RECV 4811 16534 ACK
SEND 21142 0
RECV 4811 17046 ACK
SEND 21654 0
RECV 4811 17046 ACK
RECV 4811 17046 ACK
RECV 4811 17046 ACK
RECV 4811 17046 ACK
RECV 4811 17046 ACK
TIMEOUT 17046
RESEND 17046 0
RESEND 17558 0
RESEND 18070 0
RESEND 18582 0
RESEND 19094 0
RESEND 19606 0
RESEND 20118 0
RESEND 20630 0
RESEND 21142 0
RESEND 21654 0
RECV 4811 17558 ACK
SEND 22166 0
RECV 4811 18070 ACK
SEND 22678 0
RECV 4811 18582 ACK
SEND 23190 0
RECV 4811 19094 ACK
SEND 23702 0
RECV 4811 19606 ACK
SEND 24214 0
RECV 4811 20118 ACK
SEND 24726 0
RECV 4811 20630 ACK
SEND 25238 0
RECV 4811 21142 ACK
SEND 149 0
RECV 4811 21142 ACK
RECV 4811 21142 ACK
RECV 4811 21142 ACK
RECV 4811 21142 ACK
RECV 4811 21142 ACK
RECV 4811 21142 ACK
TIMEOUT 21142
RESEND 21142 0
RESEND 21654 0
RESEND 22166 0
RESEND 22678 0
RESEND 23190 0
RESEND 23702 0
RESEND 24214 0
RESEND 24726 0
RESEND 25238 0
RESEND 149 0
RECV 4811 21142 ACK
RECV 4811 21142 ACK
RECV 4811 21142 ACK
RECV 4811 21142 ACK
RECV 4811 21142 ACK
RECV 4811 21142 ACK
TIMEOUT 21142
RESEND 21142 0
RESEND 21654 0
RESEND 22166 0
RESEND 22678 0
RESEND 23190 0
RESEND 23702 0
RESEND 24214 0
RESEND 24726 0
RESEND 25238 0
RESEND 149 0
RECV 4811 22166 ACK
SEND 661 0
SEND 1173 0
RECV 4811 22166 ACK
RECV 4811 22166 ACK
RECV 4811 22166 ACK
RECV 4811 22166 ACK
RECV 4811 22166 ACK
RECV 4811 22166 ACK
RECV 4811 22166 ACK
RECV 4811 22166 ACK
TIMEOUT 22166
RESEND 22166 0
RESEND 22678 0
RESEND 23190 0
RESEND 23702 0
RESEND 24214 0
RESEND 24726 0
RESEND 25238 0
RESEND 149 0
RESEND 661 0
RESEND 1173 0
RECV 4811 22166 ACK
RECV 4811 22166 ACK
RECV 4811 22166 ACK
RECV 4811 22166 ACK
RECV 4811 22166 ACK
RECV 4811 22166 ACK
RECV 4811 22166 ACK
RECV 4811 22166 ACK
TIMEOUT 22166
RESEND 22166 0
RESEND 22678 0
RESEND 23190 0
RESEND 23702 0
RESEND 24214 0
RESEND 24726 0
RESEND 25238 0
RESEND 149 0
RESEND 661 0
RESEND 1173 0
RECV 4811 22678 ACK
SEND 1685 0
RECV 4811 23190 ACK
SEND 2197 0
RECV 4811 23702 ACK
SEND 2709 0
RECV 4811 24214 ACK
SEND 3221 0
RECV 4811 24726 ACK
SEND 3733 0
RECV 4811 25238 ACK
SEND 4245 0
RECV 4811 149 ACK
SEND 4757 0
RECV 4811 661 ACK
SEND 5269 0
RECV 4811 661 ACK
RECV 4811 661 ACK
RECV 4811 661 ACK
RECV 4811 661 ACK
RECV 4811 661 ACK
RECV 4811 661 ACK
RECV 4811 661 ACK
RECV 4811 661 ACK
RECV 4811 661 ACK
TIMEOUT 661
RESEND 661 0
RESEND 1173 0
RESEND 1685 0
RESEND 2197 0
RESEND 2709 0
RESEND 3221 0
RESEND 3733 0
RESEND 4245 0
RESEND 4757 0
RESEND 5269 0
RECV 4811 1173 ACK
SEND 5781 0
RECV 4811 1685 ACK
SEND 6293 0
RECV 4811 2197 ACK
SEND 6805 0
RECV 4811 2709 ACK
SEND 7317 0
RECV 4811 3221 ACK
SEND 7829 0
RECV 4811 3733 ACK
SEND 8341 0
RECV 4811 4245 ACK
SEND 8853 0
RECV 4811 4757 ACK
SEND 9365 0
RECV 4811 5781 ACK
SEND 9877 0
SEND 10389 0
RECV 4811 6293 ACK
SEND 10901 0
RECV 4811 7317 ACK
SEND 11413 0
SEND 11925 0
RECV 4811 7829 ACK
SEND 12437 0
RECV 4811 8341 ACK
SEND 12949 0
RECV 4811 8341 ACK
RECV 4811 8341 ACK
RECV 4811 8341 ACK
RECV 4811 8341 ACK
RECV 4811 8341 ACK
RECV 4811 8341 ACK
RECV 4811 8341 ACK
TIMEOUT 8341
RESEND 8341 0
RESEND 8853 0
RESEND 9365 0
RESEND 9877 0
RESEND 10389 0
RESEND 10901 0
RESEND 11413 0
RESEND 11925 0
RESEND 12437 0
RESEND 12949 0
RECV 4811 8853 ACK
SEND 13461 0
RECV 4811 9365 ACK
SEND 13973 0
RECV 4811 9877 ACK
SEND 14485 0
RECV 4811 10389 ACK
SEND 14997 0
RECV 4811 10901 ACK
SEND 15509 0
RECV 4811 11413 ACK
SEND 16021 0
RECV 4811 11925 ACK
SEND 16533 0
RECV 4811 12437 ACK
SEND 17045 0
RECV 4811 12437 ACK
RECV 4811 12437 ACK
RECV 4811 12437 ACK
RECV 4811 12437 ACK
RECV 4811 12437 ACK
RECV 4811 12437 ACK
RECV 4811 12437 ACK
RECV 4811 12437 ACK
TIMEOUT 12437
RESEND 12437 0
RESEND 12949 0
RESEND 13461 0
RESEND 13973 0
RESEND 14485 0
RESEND 14997 0
RESEND 15509 0
RESEND 16021 0
RESEND 16533 0
RESEND 17045 0
RECV 4811 12949 ACK
SEND 17557 0
RECV 4811 13461 ACK
SEND 18069 0
RECV 4811 13973 ACK
SEND 18581 0
RECV 4811 14485 ACK
SEND 19093 0
RECV 4811 14997 ACK
SEND 19605 0
RECV 4811 14997 ACK
RECV 4811 14997 ACK
RECV 4811 14997 ACK
RECV 4811 14997 ACK
RECV 4811 14997 ACK
RECV 4811 14997 ACK
TIMEOUT 14997
RESEND 14997 0
RESEND 15509 0
RESEND 16021 0
RESEND 16533 0
RESEND 17045 0
RESEND 17557 0
RESEND 18069 0
RESEND 18581 0
RESEND 19093 0
RESEND 19605 0
RECV 4811 15509 ACK
SEND 20117 0
RECV 4811 16021 ACK
SEND 20629 0
RECV 4811 17045 ACK
SEND 21141 0
SEND 21653 0
RECV 4811 17045 ACK
RECV 4811 17045 ACK
RECV 4811 17045 ACK
RECV 4811 17045 ACK
RECV 4811 17045 ACK
RECV 4811 17045 ACK
RECV 4811 17045 ACK
RECV 4811 17045 ACK
RECV 4811 17045 ACK
TIMEOUT 17045
RESEND 17045 0
RESEND 17557 0
RESEND 18069 0
RESEND 18581 0
RESEND 19093 0
RESEND 19605 0
RESEND 20117 0
RESEND 20629 0
RESEND 21141 0
RESEND 21653 0
RECV 4811 17557 ACK
SEND 22165 0
RECV 4811 18069 ACK
SEND 22677 0
RECV 4811 18581 ACK
SEND 23189 0
RECV 4811 19093 ACK
RECV 4811 19605 ACK
RECV 4811 20117 ACK
RECV 4811 20629 ACK
RECV 4811 21653 ACK
RECV 4811 22165 ACK
RECV 4811 22165 ACK
TIMEOUT 21653
RESEND 21653 0
RESEND 22165 0
RESEND 22677 0
RESEND 23189 0
RECV 4811 22165 ACK
RECV 4811 22165 ACK
RECV 4811 22165 ACK
TIMEOUT 21653
RESEND 21653 0
RESEND 22165 0
RESEND 22677 0
RESEND 23189 0
RECV 4811 22165 ACK
RECV 4811 22677 ACK
RECV 4811 23189 ACK
RECV 4811 23317 ACK
SEND 23317 0 FIN
RECV 4811 23318 ACK
RECV 4811 0 FIN
SEND 23318 4812 ACK