SEND 4811 22682 DUP-ACK
RECV 153 0
SEND 4811 22682 DUP-ACK
RECV 665 0
SEND 4811 22682 DUP-ACK
RECV 1177 0
SEND 4811 22682 DUP-ACK
RECV 1689 0
SEND 4811 22682 DUP-ACK
RECV 22682 0
SEND 4811 23194 ACK
RECV 23194 0
SEND 4811 23706 ACK
RECV 23706 0
SEND 4811 24218 ACK
RECV 24218 0
SEND 4811 24730 ACK
RECV 24730 0
SEND 4811 25242 ACK
RECV 25242 0
SEND 4811 153 ACK
RECV 665 0
SEND 4811 153 DUP-ACK
RECV 1177 0
SEND 4811 153 DUP-ACK
RECV 1689 0
SEND 4811 153 DUP-ACK
RECV 2201 0
SEND 4811 153 DUP-ACK
RECV 2713 0
SEND 4811 153 DUP-ACK
RECV 3225 0
SEND 4811 153 DUP-ACK
RECV 3737 0
SEND 4811 153 DUP-ACK
RECV 4249 0
SEND 4811 153 DUP-ACK
RECV 25242 0
SEND 4811 153 DUP-ACK
RECV 153 0
SEND 4811 665 ACK
RECV 665 0
SEND 4811 1177 ACK
RECV 1177 0
SEND 4811 1689 ACK
RECV 1689 0
SEND 4811 2201 ACK
RECV 2201 0
SEND 4811 2713 ACK
RECV 2713 0
SEND 4811 3225 ACK
RECV 3225 0
SEND 4811 3737 ACK
RECV 3737 0
SEND 4811 4249 ACK
RECV 4249 0
SEND 4811 4761 ACK
RECV 4761 0
SEND 4811 5273 ACK
RECV 5273 0
SEND 4811 5785 ACK
RECV 5785 0
SEND 4811 6297 ACK
RECV 6297 0
SEND 4811 6809 ACK
RECV 6809 0
SEND 4811 7321 ACK
RECV 7321 0
SEND 4811 7833 ACK
RECV 7833 0
SEND 4811 8345 ACK
RECV 8345 0
SEND 4811 8857 ACK
RECV 9369 0
SEND 4811 8857 DUP-ACK
RECV 9881 0
SEND 4811 8857 DUP-ACK
RECV 10905 0
SEND 4811 8857 DUP-ACK
RECV 11417 0
SEND 4811 8857 DUP-ACK
RECV 11929 0
SEND 4811 8857 DUP-ACK
RECV 12441 0
SEND 4811 8857 DUP-ACK
RECV 12953 0
SEND 4811 8857 DUP-ACK
RECV 13465 0
SEND 4811 8857 DUP-ACK
RECV 8857 0
SEND 4811 9369 ACK
RECV 9369 0
SEND 4811 9881 ACK
RECV 9881 0
SEND 4811 10393 ACK
RECV 10393 0
SEND 4811 10905 ACK
RECV 10905 0
SEND 4811 11417 ACK
RECV 11929 0
SEND 4811 11417 DUP-ACK
RECV 12441 0
SEND 4811 11417 DUP-ACK
RECV 12953 0
SEND 4811 11417 DUP-ACK
RECV 13465 0
SEND 4811 11417 DUP-ACK
RECV 13977 0
SEND 4811 11417 DUP-ACK
RECV 14489 0
SEND 4811 11417 DUP-ACK
RECV 15001 0
SEND 4811 11417 DUP-ACK
RECV 15513 0
SEND 4811 11417 DUP-ACK
RECV 16025 0
SEND 4811 11417 DUP-ACK
RECV 11417 0
SEND 4811 11929 ACK
RECV 11929 0
SEND 4811 12441 ACK
RECV 12441 0
SEND 4811 12953 ACK
RECV 12953 0
SEND 4811 13465 ACK
RECV 13465 0
SEND 4811 13977 ACK
RECV 13977 0
SEND 4811 14489 ACK
RECV 14489 0
SEND 4811 15001 ACK
RECV 15001 0
SEND 4811 15513 ACK
RECV 15513 0
SEND 4811 16025 ACK
RECV 16025 0
SEND 4811 16537 ACK
RECV 16537 0
SEND 4811 17049 ACK
RECV 17049 0
SEND 4811 17561 ACK
RECV 17561 0
SEND 4811 18073 ACK
RECV 18073 0
SEND 4811 18585 ACK
RECV 18585 0
SEND 4811 19097 ACK
RECV 19097 0
SEND 4811 19609 ACK
RECV 19609 0
SEND 4811 20121 ACK
RECV 20121 0
SEND 4811 20633 ACK
RECV 20633 0
SEND 4811 21145 ACK
RECV 21145 0
SEND 4811 21657 ACK
RECV 21657 0
SEND 4811 22169 ACK
RECV 22169 0
SEND 4811 22681 ACK
RECV 22681 0
SEND 4811 23193 ACK
RECV 23193 0
SEND 4811 23705 ACK
RECV 23705 0
SEND 4811 24217 ACK
RECV 24217 0
SEND 4811 24729 ACK
RECV 24729 0
SEND 4811 25241 ACK
RECV 25241 0
SEND 4811 152 ACK
RECV 152 0
SEND 4811 664 ACK
RECV 664 0
SEND 4811 1176 ACK
RECV 1688 0
SEND 4811 1176 DUP-ACK
RECV 2200 0
SEND 4811 1176 DUP-ACK
RECV 2712 0
SEND 4811 1176 DUP-ACK
RECV 3224 0
SEND 4811 1176 DUP-ACK
RECV 3736 0
SEND 4811 1176 DUP-ACK
RECV 4248 0
SEND 4811 1176 DUP-ACK
RECV 4760 0
SEND 4811 1176 DUP-ACK
RECV 5272 0
SEND 4811 1176 DUP-ACK
RECV 5784 0
SEND 4811 1176 DUP-ACK
RECV 1688 0
SEND 4811 1176 DUP-ACK
RECV 2200 0
SEND 4811 1176 DUP-ACK
RECV 2712 0
SEND 4811 1176 DUP-ACK
RECV 3224 0
SEND 4811 1176 DUP-ACK
RECV 3736 0
SEND 4811 1176 DUP-ACK
RECV 4248 0
SEND 4811 1176 DUP-ACK
RECV 4760 0
SEND 4811 1176 DUP-ACK
RECV 5272 0
SEND 4811 1176 DUP-ACK
RECV 5784 0
SEND 4811 1176 DUP-ACK
RECV 1176 0
SEND 4811 1688 ACK
RECV 1688 0
SEND 4811 2200 ACK
RECV 2200 0
SEND 4811 2712 ACK
RECV 2712 0
SEND 4811 3224 ACK
RECV 3224 0
SEND 4811 3736 ACK
RECV 3736 0
SEND 4811 4248 ACK
RECV 4248 0
SEND 4811 4760 ACK
RECV 4760 0
SEND 4811 5272 ACK
RECV 5272 0
SEND 4811 5784 ACK
RECV 5784 0
SEND 4811 6296 ACK
RECV 6296 0
SEND 4811 6808 ACK
RECV 7320 0
SEND 4811 6808 DUP-ACK
RECV 7832 0
SEND 4811 6808 DUP-ACK
RECV 9368 0
SEND 4811 6808 DUP-ACK
RECV 9880 0
SEND 4811 6808 DUP-ACK
RECV 10392 0
SEND 4811 6808 DUP-ACK
RECV 10904 0
SEND 4811 6808 DUP-ACK
RECV 11416 0
SEND 4811 6808 DUP-ACK
RECV 6808 0
SEND 4811 7320 ACK
RECV 7320 0
SEND 4811 7832 ACK
RECV 7832 0
SEND 4811 8344 ACK
RECV 8856 0
SEND 4811 8344 DUP-ACK
RECV 9368 0
SEND 4811 8344 DUP-ACK
RECV 9880 0
SEND 4811 8344 DUP-ACK
RECV 10904 0
SEND 4811 8344 DUP-ACK
RECV 11928 0
SEND 4811 8344 DUP-ACK
RECV 12440 0
SEND 4811 8344 DUP-ACK
RECV 12952 0
SEND 4811 8344 DUP-ACK
RECV 8344 0
SEND 4811 8856 ACK
RECV 8856 0
SEND 4811 9368 ACK
RECV 9368 0
SEND 4811 9880 ACK
RECV 9880 0
SEND 4811 10392 ACK
RECV 10392 0
SEND 4811 10904 ACK
RECV 10904 0
SEND 4811 11416 ACK
RECV 11416 0
SEND 4811 11928 ACK
RECV 11928 0
SEND 4811 12440 ACK
RECV 12440 0
SEND 4811 12952 ACK
RECV 12952 0
SEND 4811 13464 ACK
RECV 13464 0
SEND 4811 13976 ACK
RECV 13976 0
SEND 4811 14488 ACK
RECV 14488 0
SEND 4811 15000 ACK
RECV 15000 0
SEND 4811 15512 ACK
RECV 15512 0
SEND 4811 16024 ACK
RECV 16024 0
SEND 4811 16536 ACK
RECV 16536 0
SEND 4811 17048 ACK
RECV 17048 0
SEND 4811 17560 ACK
RECV 17560 0
SEND 4811 18072 ACK
RECV 18072 0
SEND 4811 18584 ACK
RECV 18584 0
SEND 4811 19096 ACK
RECV 19096 0
SEND 4811 19608 ACK
RECV 20120 0
SEND 4811 19608 DUP-ACK
RECV 20632 0
SEND 4811 19608 DUP-ACK
RECV 21144 0
SEND 4811 19608 DUP-ACK
RECV 21656 0
SEND 4811 19608 DUP-ACK
RECV 22168 0
SEND 4811 19608 DUP-ACK
RECV 22680 0
SEND 4811 19608 DUP-ACK
RECV 23192 0
SEND 4811 19608 DUP-ACK
RECV 23704 0
SEND 4811 19608 DUP-ACK
RECV 24216 0
SEND 4811 19608 DUP-ACK
RECV 19608 0
SEND 4811 20120 ACK
RECV 20632 0
SEND 4811 20120 DUP-ACK
RECV 21656 0
SEND 4811 20120 DUP-ACK
RECV 22168 0
SEND 4811 20120 DUP-ACK
RECV 22680 0
SEND 4811 20120 DUP-ACK
RECV 23192 0
SEND 4811 20120 DUP-ACK
RECV 23704 0
SEND 4811 20120 DUP-ACK
RECV 24216 0
SEND 4811 20120 DUP-ACK
RECV 24728 0
SEND 4811 20120 DUP-ACK
RECV 20120 0
SEND 4811 20632 ACK
RECV 20632 0
SEND 4811 21144 ACK
RECV 21144 0
SEND 4811 21656 ACK
RECV 22168 0
SEND 4811 21656 DUP-ACK
RECV 22680 0
SEND 4811 21656 DUP-ACK
RECV 23192 0
SEND 4811 21656 DUP-ACK
RECV 23704 0
SEND 4811 21656 DUP-ACK
RECV 24216 0
SEND 4811 21656 DUP-ACK
RECV 24728 0
SEND 4811 21656 DUP-ACK
RECV 25240 0
SEND 4811 21656 DUP-ACK
RECV 663 0
SEND 4811 21656 DUP-ACK
RECV 21656 0
SEND 4811 22168 ACK
RECV 22168 0
SEND 4811 22680 ACK
RECV 22680 0
SEND 4811 23192 ACK
RECV 23192 0
SEND 4811 23704 ACK
RECV 23704 0
SEND 4811 24216 ACK
RECV 24216 0
SEND 4811 24728 ACK
RECV 24728 0
SEND 4811 25240 ACK
RECV 151 0
SEND 4811 25240 DUP-ACK
RECV 663 0
SEND 4811 25240 DUP-ACK
RECV 1175 0
SEND 4811 25240 DUP-ACK
RECV 1687 0
SEND 4811 25240 DUP-ACK
RECV 2199 0
SEND 4811 25240 DUP-ACK
RECV 2711 0
SEND 4811 25240 DUP-ACK
RECV 3223 0
SEND 4811 25240 DUP-ACK
RECV 3735 0
SEND 4811 25240 DUP-ACK
RECV 4247 0
SEND 4811 25240 DUP-ACK
RECV 25240 0
SEND 4811 151 ACK
RECV 151 0
SEND 4811 663 ACK
RECV 663 0
SEND 4811 1175 ACK
RECV 1175 0
SEND 4811 1687 ACK
RECV 2711 0
SEND 4811 1687 DUP-ACK
RECV 3223 0
SEND 4811 1687 DUP-ACK
RECV 3735 0
SEND 4811 1687 DUP-ACK
RECV 4247 0
SEND 4811 1687 DUP-ACK
RECV 4759 0
SEND 4811 1687 DUP-ACK
RECV 5271 0
SEND 4811 1687 DUP-ACK
RECV 5783 0
SEND 4811 1687 DUP-ACK
RECV 6295 0
SEND 4811 1687 DUP-ACK
RECV 1687 0
SEND 4811 2199 ACK
RECV 2199 0
SEND 4811 2711 ACK
RECV 2711 0
SEND 4811 3223 ACK
RECV 3223 0
SEND 4811 3735 ACK
RECV 3735 0
SEND 4811 4247 ACK
RECV 4247 0
SEND 4811 4759 ACK
RECV 4759 0
SEND 4811 5271 ACK
RECV 5271 0
SEND 4811 5783 ACK
RECV 5783 0
SEND 4811 6295 ACK
RECV 6295 0
SEND 4811 6807 ACK
RECV 6807 0
SEND 4811 7319 ACK
RECV 7319 0
SEND 4811 7831 ACK
RECV 7831 0
SEND 4811 8343 ACK
RECV 8343 0
SEND 4811 8855 ACK
RECV 8855 0
SEND 4811 9367 ACK
RECV 9367 0
SEND 4811 9879 ACK
RECV 9879 0
SEND 4811 10391 ACK
RECV 10391 0
SEND 4811 10903 ACK
RECV 10903 0
SEND 4811 11415 ACK
RECV 11415 0
SEND 4811 11927 ACK
RECV 11927 0
SEND 4811 12439 ACK
RECV 12439 0
SEND 4811 12951 ACK
RECV 12951 0
SEND 4811 13463 ACK
RECV 13463 0
SEND 4811 13975 ACK
RECV 13975 0
SEND 4811 14487 ACK
RECV 14999 0
SEND 4811 14487 DUP-ACK
RECV 15511 0
SEND 4811 14487 DUP-ACK
RECV 16023 0
SEND 4811 14487 DUP-ACK
RECV 16535 0
SEND 4811 14487 DUP-ACK
RECV 17047 0
SEND 4811 14487 DUP-ACK
RECV 17559 0
SEND 4811 14487 DUP-ACK
RECV 18071 0
SEND 4811 14487 DUP-ACK
RECV 18583 0
SEND 4811 14487 DUP-ACK
RECV 14487 0
SEND 4811 14999 ACK
RECV 14999 0
SEND 4811 15511 ACK
RECV 15511 0
SEND 4811 16023 ACK
RECV 16023 0
SEND 4811 16535 ACK
RECV 16535 0
SEND 4811 17047 ACK
RECV 17047 0
SEND 4811 17559 ACK
RECV 17559 0
SEND 4811 18071 ACK
RECV 18071 0
SEND 4811 18583 ACK
RECV 18583 0
SEND 4811 19095 ACK
RECV 19095 0
SEND 4811 19607 ACK
RECV 19607 0
SEND 4811 20119 ACK
RECV 20119 0
SEND 4811 20631 ACK
RECV 20631 0
SEND 4811 21143 ACK
RECV 21143 0
SEND 4811 21655 ACK
RECV 21655 0
SEND 4811 22167 ACK
RECV 22167 0
SEND 4811 22679 ACK
RECV 22679 0
SEND 4811 23191 ACK
RECV 23191 0
SEND 4811 23703 ACK
RECV 24215 0
SEND 4811 23703 DUP-ACK
RECV 24727 0
SEND 4811 23703 DUP-ACK
RECV 150 0
SEND 4811 23703 DUP-ACK
RECV 662 0
SEND 4811 23703 DUP-ACK
RECV 1174 0
SEND 4811 23703 DUP-ACK
RECV 1686 0
SEND 4811 23703 DUP-ACK
RECV 2198 0
SEND 4811 23703 DUP-ACK
RECV 2710 0
SEND 4811 23703 DUP-ACK
RECV 23703 0
SEND 4811 24215 ACK
RECV 24215 0
SEND 4811 24727 ACK
RECV 24727 0
SEND 4811 25239 ACK
RECV 25239 0
SEND 4811 150 ACK
RECV 150 0
SEND 4811 662 ACK
RECV 662 0
SEND 4811 1174 ACK
RECV 1174 0
SEND 4811 1686 ACK
RECV 2198 0
SEND 4811 1686 DUP-ACK
RECV 2710 0
SEND 4811 1686 DUP-ACK
RECV 3222 0
SEND 4811 1686 DUP-ACK
RECV 3734 0
SEND 4811 1686 DUP-ACK
RECV 4246 0
SEND 4811 1686 DUP-ACK
RECV 4758 0
SEND 4811 1686 DUP-ACK
RECV 5270 0
SEND 4811 1686 DUP-ACK
RECV 5782 0
SEND 4811 1686 DUP-ACK
RECV 6294 0
SEND 4811 1686 DUP-ACK
RECV 2198 0
SEND 4811 1686 DUP-ACK
RECV 2710 0
SEND 4811 1686 DUP-ACK
RECV 3222 0
SEND 4811 1686 DUP-ACK
RECV 3734 0
SEND 4811 1686 DUP-ACK
RECV 4246 0
SEND 4811 1686 DUP-ACK
RECV 4758 0
SEND 4811 1686 DUP-ACK
RECV 5270 0
SEND 4811 1686 DUP-ACK
RECV 5782 0
SEND 4811 1686 DUP-ACK
RECV 6294 0
SEND 4811 1686 DUP-ACK
RECV 1686 0
SEND 4811 2198 ACK
RECV 2710 0
SEND 4811 2198 DUP-ACK
RECV 3222 0
SEND 4811 2198 DUP-ACK
RECV 3734 0
SEND 4811 2198 DUP-ACK
RECV 4246 0
SEND 4811 2198 DUP-ACK
RECV 4758 0
SEND 4811 2198 DUP-ACK
RECV 5782 0
SEND 4811 2198 DUP-ACK
RECV 6294 0
SEND 4811 2198 DUP-ACK
RECV 6806 0
SEND 4811 2198 DUP-ACK
RECV 2198 0
SEND 4811 2710 ACK
RECV 2710 0
SEND 4811 3222 ACK
RECV 3222 0
SEND 4811 3734 ACK
RECV 4246 0
SEND 4811 3734 DUP-ACK
RECV 4758 0
SEND 4811 3734 DUP-ACK
RECV 5270 0
SEND 4811 3734 DUP-ACK
RECV 5782 0
SEND 4811 3734 DUP-ACK
RECV 6294 0
SEND 4811 3734 DUP-ACK
RECV 6806 0
SEND 4811 3734 DUP-ACK
RECV 7318 0
SEND 4811 3734 DUP-ACK
RECV 7830 0
SEND 4811 3734 DUP-ACK
RECV 3734 0
SEND 4811 4246 ACK
RECV 4246 0
SEND 4811 4758 ACK
RECV 4758 0
SEND 4811 5270 ACK
RECV 5270 0
SEND 4811 5782 ACK
RECV 5782 0
SEND 4811 6294 ACK
RECV 6294 0
SEND 4811 6806 ACK
RECV 6806 0
SEND 4811 7318 ACK
RECV 7830 0
SEND 4811 7318 DUP-ACK
RECV 8342 0
SEND 4811 7318 DUP-ACK
RECV 8854 0
SEND 4811 7318 DUP-ACK
RECV 9878 0
SEND 4811 7318 DUP-ACK
RECV 10390 0
SEND 4811 7318 DUP-ACK
RECV 10902 0
SEND 4811 7318 DUP-ACK
RECV 6294 0
SEND 4811 7318 DUP-ACK
RECV 6806 0
SEND 4811 7318 DUP-ACK
RECV 7318 0
SEND 4811 7830 ACK
RECV 7830 0
SEND 4811 8342 ACK
RECV 8342 0
SEND 4811 8854 ACK
RECV 8854 0
SEND 4811 9366 ACK
RECV 9366 0
SEND 4811 9878 ACK
RECV 9878 0
SEND 4811 10390 ACK
RECV 10390 0
SEND 4811 10902 ACK
RECV 10902 0
SEND 4811 11414 ACK
RECV 11414 0
SEND 4811 11926 ACK
RECV 11926 0
SEND 4811 12438 ACK
RECV 12438 0
SEND 4811 12950 ACK
RECV 12950 0
SEND 4811 13462 ACK
RECV 13462 0
SEND 4811 13974 ACK
RECV 13974 0
SEND 4811 14486 ACK
RECV 14486 0
SEND 4811 14998 ACK
RECV 14998 0
SEND 4811 15510 ACK
RECV 15510 0
SEND 4811 16022 ACK
RECV 16022 0
SEND 4811 16534 ACK
RECV 16534 0
SEND 4811 17046 ACK
RECV 18070 0
SEND 4811 17046 DUP-ACK
RECV 18582 0
SEND 4811 17046 DUP-ACK
RECV 19094 0
SEND 4811 17046 DUP-ACK
RECV 19606 0
SEND 4811 17046 DUP-ACK
RECV 20630 0
SEND 4811 17046 DUP-ACK
RECV 21142 0
SEND 4811 17046 DUP-ACK
RECV 21654 0
SEND 4811 17046 DUP-ACK
RECV 17046 0
SEND 4811 17558 ACK
RECV 17558 0
SEND 4811 18070 ACK
RECV 18070 0
SEND 4811 18582 ACK
RECV 18582 0
SEND 4811 19094 ACK
RECV 19094 0
SEND 4811 19606 ACK
RECV 19606 0
SEND 4811 20118 ACK
RECV 20118 0
SEND 4811 20630 ACK
RECV 20630 0
SEND 4811 21142 ACK
RECV 21654 0
SEND 4811 21142 DUP-ACK
RECV 22166 0
SEND 4811 21142 DUP-ACK
RECV 22678 0
SEND 4811 21142 DUP-ACK
RECV 23190 0
SEND 4811 21142 DUP-ACK
RECV 24214 0
SEND 4811 21142 DUP-ACK
RECV 24726 0
SEND 4811 21142 DUP-ACK
RECV 25238 0
SEND 4811 21142 DUP-ACK
RECV 149 0
SEND 4811 21142 DUP-ACK
RECV 21654 0
SEND 4811 21142 DUP-ACK
RECV 22166 0
SEND 4811 21142 DUP-ACK
RECV 22678 0
SEND 4811 21142 DUP-ACK
RECV 23190 0
SEND 4811 21142 DUP-ACK
RECV 23702 0
SEND 4811 21142 DUP-ACK
RECV 24214 0
SEND 4811 21142 DUP-ACK
RECV 21142 0
SEND 4811 21654 ACK
RECV 21654 0
SEND 4811 22166 ACK
RECV 22678 0
SEND 4811 22166 DUP-ACK
RECV 23190 0
SEND 4811 22166 DUP-ACK
RECV 23702 0
SEND 4811 22166 DUP-ACK
RECV 24214 0
SEND 4811 22166 DUP-ACK
RECV 24726 0
SEND 4811 22166 DUP-ACK
RECV 25238 0
SEND 4811 22166 DUP-ACK
RECV 149 0
SEND 4811 22166 DUP-ACK
RECV 661 0
SEND 4811 22166 DUP-ACK
RECV 1173 0
SEND 4811 22166 DUP-ACK
RECV 22678 0
SEND 4811 22166 DUP-ACK
RECV 23190 0
SEND 4811 22166 DUP-ACK
RECV 23702 0
SEND 4811 22166 DUP-ACK
RECV 24214 0
SEND 4811 22166 DUP-ACK
RECV 24726 0
SEND 4811 22166 DUP-ACK
RECV 25238 0
SEND 4811 22166 DUP-ACK
RECV 149 0
SEND 4811 22166 DUP-ACK
RECV 661 0
SEND 4811 22166 DUP-ACK
RECV 1173 0
SEND 4811 22166 DUP-ACK
RECV 22166 0
SEND 4811 22678 ACK
RECV 22678 0
SEND 4811 23190 ACK
RECV 23190 0
SEND 4811 23702 ACK
RECV 23702 0
SEND 4811 24214 ACK
RECV 24214 0
SEND 4811 24726 ACK
RECV 24726 0
SEND 4811 25238 ACK
RECV 25238 0
SEND 4811 149 ACK
RECV 149 0
SEND 4811 661 ACK
RECV 1173 0
SEND 4811 661 DUP-ACK
RECV 1685 0
SEND 4811 661 DUP-ACK
RECV 2197 0
SEND 4811 661 DUP-ACK
RECV 2709 0
SEND 4811 661 DUP-ACK
RECV 3221 0
SEND 4811 661 DUP-ACK
RECV 3733 0
SEND 4811 661 DUP-ACK
RECV 4245 0
SEND 4811 661 DUP-ACK
RECV 4757 0
SEND 4811 661 DUP-ACK
RECV 5269 0
SEND 4811 661 DUP-ACK
RECV 661 0
SEND 4811 1173 ACK
RECV 1173 0
SEND 4811 1685 ACK
RECV 1685 0
SEND 4811 2197 ACK
RECV 2197 0
SEND 4811 2709 ACK
RECV 2709 0
SEND 4811 3221 ACK
RECV 3221 0
SEND 4811 3733 ACK
RECV 3733 0
SEND 4811 4245 ACK
RECV 4245 0
SEND 4811 4757 ACK
RECV 4757 0
SEND 4811 5269 ACK
RECV 5269 0
SEND 4811 5781 ACK
RECV 5781 0
SEND 4811 6293 ACK
RECV 6293 0
SEND 4811 6805 ACK
RECV 6805 0
SEND 4811 7317 ACK
RECV 7317 0
SEND 4811 7829 ACK
RECV 7829 0
SEND 4811 8341 ACK
RECV 8853 0
SEND 4811 8341 DUP-ACK
RECV 9365 0
SEND 4811 8341 DUP-ACK
RECV 9877 0
SEND 4811 8341 DUP-ACK
RECV 10389 0
SEND 4811 8341 DUP-ACK
RECV 10901 0
SEND 4811 8341 DUP-ACK
RECV 11413 0
SEND 4811 8341 DUP-ACK
RECV 11925 0
SEND 4811 8341 DUP-ACK
RECV 12437 0
SEND 4811 8341 DUP-ACK
RECV 12949 0
SEND 4811 8341 DUP-ACK
RECV 8341 0
SEND 4811 8853 ACK
RECV 8853 0
SEND 4811 9365 ACK
RECV 9365 0
SEND 4811 9877 ACK
RECV 9877 0
SEND 4811 10389 ACK
RECV 10389 0
SEND 4811 10901 ACK
RECV 10901 0
SEND 4811 11413 ACK
RECV 11413 0
SEND 4811 11925 ACK
RECV 11925 0
SEND 4811 12437 ACK
RECV 12949 0
SEND 4811 12437 DUP-ACK
RECV 13973 0
SEND 4811 12437 DUP-ACK
RECV 14485 0
SEND 4811 12437 DUP-ACK
RECV 14997 0
SEND 4811 12437 DUP-ACK
RECV 15509 0
SEND 4811 12437 DUP-ACK
RECV 16021 0
SEND 4811 12437 DUP-ACK
RECV 16533 0
SEND 4811 12437 DUP-ACK
RECV 17045 0
SEND 4811 12437 DUP-ACK
RECV 12437 0
SEND 4811 12949 ACK
RECV 12949 0
SEND 4811 13461 ACK
RECV 13461 0
SEND 4811 13973 ACK
RECV 13973 0
SEND 4811 14485 ACK
RECV 14485 0
SEND 4811 14997 ACK
RECV 15509 0
SEND 4811 14997 DUP-ACK
RECV 16533 0
SEND 4811 14997 DUP-ACK
RECV 17045 0
SEND 4811 14997 DUP-ACK
RECV 17557 0
SEND 4811 14997 DUP-ACK
RECV 18069 0
SEND 4811 14997 DUP-ACK
RECV 18581 0
SEND 4811 14997 DUP-ACK
RECV 19093 0
SEND 4811 14997 DUP-ACK
RECV 19605 0
SEND 4811 14997 DUP-ACK
RECV 14997 0
SEND 4811 15509 ACK
RECV 15509 0
SEND 4811 16021 ACK
RECV 16021 0
SEND 4811 16533 ACK
RECV 16533 0
SEND 4811 17045 ACK
RECV 17557 0
SEND 4811 17045 DUP-ACK
RECV 18069 0
SEND 4811 17045 DUP-ACK
RECV 18581 0
SEND 4811 17045 DUP-ACK
RECV 19093 0
SEND 4811 17045 DUP-ACK
RECV 19605 0
SEND 4811 17045 DUP-ACK
RECV 20117 0
SEND 4811 17045 DUP-ACK
RECV 20629 0
SEND 4811 17045 DUP-ACK
RECV 21141 0
SEND 4811 17045 DUP-ACK
RECV 21653 0
SEND 4811 17045 DUP-ACK
RECV 17045 0
SEND 4811 17557 ACK
RECV 17557 0
SEND 4811 18069 ACK
RECV 18069 0
SEND 4811 18581 ACK
RECV 18581 0
SEND 4811 19093 ACK
RECV 19093 0
SEND 4811 19605 ACK
RECV 19605 0
SEND 4811 20117 ACK
RECV 20117 0
SEND 4811 20629 ACK
RECV 20629 0
SEND 4811 21141 ACK
RECV 21141 0
SEND 4811 21653 ACK
RECV 21653 0
SEND 4811 22165 ACK
RECV 22677 0
SEND 4811 22165 DUP-ACK
RECV 23189 0
SEND 4811 22165 DUP-ACK
RECV 21653 0
SEND 4811 22165 DUP-ACK
RECV 22677 0
SEND 4811 22165 DUP-ACK
RECV 23189 0
SEND 4811 22165 DUP-ACK
RECV 21653 0
SEND 4811 22165 DUP-ACK
RECV 22165 0
SEND 4811 22677 ACK
RECV 22677 0
SEND 4811 23189 ACK
RECV 23189 0
SEND 4811 23317 ACK
RECV 23317 0 FIN
SEND 4811 23318 ACK
SEND 4811 0 FIN
RECV 23318 4812 ACK